{"C:\\Users\\cash crusader\\Desktop\\ToDoApp_2\\js\\taskManager.js": {"path":"C:\\Users\\cash crusader\\Desktop\\ToDoApp_2\\js\\taskManager.js","all":false,"statementMap":{"0":{"start":{"line":1,"column":0},"end":{"line":1,"column":42}},"1":{"start":{"line":2,"column":0},"end":{"line":2,"column":0}},"2":{"start":{"line":3,"column":0},"end":{"line":3,"column":31}},"3":{"start":{"line":4,"column":0},"end":{"line":4,"column":29}},"4":{"start":{"line":5,"column":0},"end":{"line":5,"column":64}},"5":{"start":{"line":6,"column":0},"end":{"line":6,"column":25}},"6":{"start":{"line":7,"column":0},"end":{"line":7,"column":1}},"7":{"start":{"line":8,"column":0},"end":{"line":8,"column":0}},"8":{"start":{"line":9,"column":0},"end":{"line":9,"column":32}},"9":{"start":{"line":10,"column":0},"end":{"line":10,"column":37}},"10":{"start":{"line":11,"column":0},"end":{"line":11,"column":28}},"11":{"start":{"line":12,"column":0},"end":{"line":12,"column":62}},"12":{"start":{"line":13,"column":0},"end":{"line":13,"column":3}},"13":{"start":{"line":14,"column":0},"end":{"line":14,"column":0}},"14":{"start":{"line":15,"column":0},"end":{"line":15,"column":47}},"15":{"start":{"line":16,"column":0},"end":{"line":16,"column":19}},"16":{"start":{"line":17,"column":0},"end":{"line":17,"column":52}},"17":{"start":{"line":18,"column":0},"end":{"line":18,"column":42}},"18":{"start":{"line":19,"column":0},"end":{"line":19,"column":5}},"19":{"start":{"line":20,"column":0},"end":{"line":20,"column":1}},"20":{"start":{"line":21,"column":0},"end":{"line":21,"column":0}},"21":{"start":{"line":22,"column":0},"end":{"line":22,"column":43}},"22":{"start":{"line":23,"column":0},"end":{"line":23,"column":44}},"23":{"start":{"line":24,"column":0},"end":{"line":24,"column":35}},"24":{"start":{"line":25,"column":0},"end":{"line":25,"column":62}},"25":{"start":{"line":26,"column":0},"end":{"line":26,"column":13}},"26":{"start":{"line":27,"column":0},"end":{"line":27,"column":52}},"27":{"start":{"line":28,"column":0},"end":{"line":28,"column":20}},"28":{"start":{"line":29,"column":0},"end":{"line":29,"column":54}},"29":{"start":{"line":30,"column":0},"end":{"line":30,"column":75}},"30":{"start":{"line":31,"column":0},"end":{"line":31,"column":7}},"31":{"start":{"line":32,"column":0},"end":{"line":32,"column":3}},"32":{"start":{"line":33,"column":0},"end":{"line":33,"column":1}},"33":{"start":{"line":34,"column":0},"end":{"line":34,"column":0}},"34":{"start":{"line":35,"column":0},"end":{"line":35,"column":40}},"35":{"start":{"line":36,"column":0},"end":{"line":36,"column":41}},"36":{"start":{"line":37,"column":0},"end":{"line":37,"column":35}},"37":{"start":{"line":38,"column":0},"end":{"line":38,"column":62}},"38":{"start":{"line":39,"column":0},"end":{"line":39,"column":13}},"39":{"start":{"line":40,"column":0},"end":{"line":40,"column":52}},"40":{"start":{"line":41,"column":0},"end":{"line":41,"column":20}},"41":{"start":{"line":42,"column":0},"end":{"line":42,"column":54}},"42":{"start":{"line":43,"column":0},"end":{"line":43,"column":28}},"43":{"start":{"line":44,"column":0},"end":{"line":44,"column":11}},"44":{"start":{"line":45,"column":0},"end":{"line":45,"column":38}},"45":{"start":{"line":46,"column":0},"end":{"line":46,"column":35}},"46":{"start":{"line":47,"column":0},"end":{"line":47,"column":9}},"47":{"start":{"line":48,"column":0},"end":{"line":48,"column":7}},"48":{"start":{"line":49,"column":0},"end":{"line":49,"column":3}},"49":{"start":{"line":50,"column":0},"end":{"line":50,"column":1}},"50":{"start":{"line":51,"column":0},"end":{"line":51,"column":0}},"51":{"start":{"line":52,"column":0},"end":{"line":52,"column":33}},"52":{"start":{"line":53,"column":0},"end":{"line":53,"column":31}},"53":{"start":{"line":54,"column":0},"end":{"line":54,"column":77}},"54":{"start":{"line":55,"column":0},"end":{"line":55,"column":1}},"55":{"start":{"line":56,"column":0},"end":{"line":56,"column":0}},"56":{"start":{"line":57,"column":0},"end":{"line":57,"column":23}},"57":{"start":{"line":58,"column":0},"end":{"line":58,"column":77}}},"s":{"0":1,"1":1,"2":8,"3":8,"4":8,"5":8,"6":1,"7":3,"8":3,"9":3,"10":3,"11":2,"12":2,"13":2,"14":2,"15":2,"16":2,"17":2,"18":2,"19":1,"20":3,"21":3,"22":3,"23":3,"24":3,"25":3,"26":2,"27":2,"28":2,"29":2,"30":2,"31":1,"32":1,"33":2,"34":2,"35":2,"36":2,"37":2,"38":2,"39":1,"40":1,"41":1,"42":1,"43":1,"44":1,"45":1,"46":1,"47":1,"48":1,"49":1,"50":2,"51":2,"52":2,"53":2,"54":1,"55":1,"56":1,"57":1},"branchMap":{"0":{"type":"branch","line":3,"loc":{"start":{"line":3,"column":0},"end":{"line":4,"column":29}},"locations":[{"start":{"line":3,"column":0},"end":{"line":4,"column":29}}]},"1":{"type":"branch","line":4,"loc":{"start":{"line":4,"column":0},"end":{"line":6,"column":25}},"locations":[{"start":{"line":4,"column":0},"end":{"line":6,"column":25}}]},"2":{"type":"branch","line":4,"loc":{"start":{"line":4,"column":0},"end":{"line":6,"column":25}},"locations":[{"start":{"line":4,"column":0},"end":{"line":6,"column":25}}]},"3":{"type":"branch","line":4,"loc":{"start":{"line":4,"column":0},"end":{"line":5,"column":64}},"locations":[{"start":{"line":4,"column":0},"end":{"line":5,"column":64}}]},"4":{"type":"branch","line":5,"loc":{"start":{"line":5,"column":63},"end":{"line":6,"column":25}},"locations":[{"start":{"line":5,"column":63},"end":{"line":6,"column":25}}]},"5":{"type":"branch","line":6,"loc":{"start":{"line":6,"column":24},"end":{"line":6,"column":25}},"locations":[{"start":{"line":6,"column":24},"end":{"line":6,"column":25}}]},"6":{"type":"branch","line":6,"loc":{"start":{"line":6,"column":24},"end":{"line":6,"column":25}},"locations":[{"start":{"line":6,"column":24},"end":{"line":6,"column":25}}]},"7":{"type":"branch","line":8,"loc":{"start":{"line":8,"column":-1},"end":{"line":10,"column":23}},"locations":[{"start":{"line":8,"column":-1},"end":{"line":10,"column":23}}]},"8":{"type":"branch","line":10,"loc":{"start":{"line":10,"column":0},"end":{"line":19,"column":5}},"locations":[{"start":{"line":10,"column":0},"end":{"line":19,"column":5}}]},"9":{"type":"branch","line":10,"loc":{"start":{"line":10,"column":34},"end":{"line":19,"column":5}},"locations":[{"start":{"line":10,"column":34},"end":{"line":19,"column":5}}]},"10":{"type":"branch","line":10,"loc":{"start":{"line":10,"column":34},"end":{"line":19,"column":5}},"locations":[{"start":{"line":10,"column":34},"end":{"line":19,"column":5}}]},"11":{"type":"branch","line":10,"loc":{"start":{"line":10,"column":34},"end":{"line":11,"column":28}},"locations":[{"start":{"line":10,"column":34},"end":{"line":11,"column":28}}]},"12":{"type":"branch","line":11,"loc":{"start":{"line":11,"column":25},"end":{"line":11,"column":28}},"locations":[{"start":{"line":11,"column":25},"end":{"line":11,"column":28}}]},"13":{"type":"branch","line":11,"loc":{"start":{"line":11,"column":25},"end":{"line":11,"column":28}},"locations":[{"start":{"line":11,"column":25},"end":{"line":11,"column":28}}]},"14":{"type":"branch","line":11,"loc":{"start":{"line":11,"column":25},"end":{"line":19,"column":5}},"locations":[{"start":{"line":11,"column":25},"end":{"line":19,"column":5}}]},"15":{"type":"branch","line":19,"loc":{"start":{"line":19,"column":4},"end":{"line":19,"column":5}},"locations":[{"start":{"line":19,"column":4},"end":{"line":19,"column":5}}]},"16":{"type":"branch","line":19,"loc":{"start":{"line":19,"column":4},"end":{"line":19,"column":5}},"locations":[{"start":{"line":19,"column":4},"end":{"line":19,"column":5}}]},"17":{"type":"branch","line":21,"loc":{"start":{"line":21,"column":-1},"end":{"line":23,"column":26}},"locations":[{"start":{"line":21,"column":-1},"end":{"line":23,"column":26}}]},"18":{"type":"branch","line":23,"loc":{"start":{"line":23,"column":0},"end":{"line":31,"column":7}},"locations":[{"start":{"line":23,"column":0},"end":{"line":31,"column":7}}]},"19":{"type":"branch","line":23,"loc":{"start":{"line":23,"column":41},"end":{"line":31,"column":7}},"locations":[{"start":{"line":23,"column":41},"end":{"line":31,"column":7}}]},"20":{"type":"branch","line":23,"loc":{"start":{"line":23,"column":41},"end":{"line":31,"column":7}},"locations":[{"start":{"line":23,"column":41},"end":{"line":31,"column":7}}]},"21":{"type":"branch","line":23,"loc":{"start":{"line":23,"column":41},"end":{"line":24,"column":35}},"locations":[{"start":{"line":23,"column":41},"end":{"line":24,"column":35}}]},"22":{"type":"branch","line":24,"loc":{"start":{"line":24,"column":34},"end":{"line":31,"column":7}},"locations":[{"start":{"line":24,"column":34},"end":{"line":31,"column":7}}]},"23":{"type":"branch","line":26,"loc":{"start":{"line":26,"column":10},"end":{"line":26,"column":13}},"locations":[{"start":{"line":26,"column":10},"end":{"line":26,"column":13}}]},"24":{"type":"branch","line":26,"loc":{"start":{"line":26,"column":10},"end":{"line":31,"column":7}},"locations":[{"start":{"line":26,"column":10},"end":{"line":31,"column":7}}]},"25":{"type":"branch","line":31,"loc":{"start":{"line":31,"column":6},"end":{"line":31,"column":7}},"locations":[{"start":{"line":31,"column":6},"end":{"line":31,"column":7}}]},"26":{"type":"branch","line":31,"loc":{"start":{"line":31,"column":6},"end":{"line":31,"column":7}},"locations":[{"start":{"line":31,"column":6},"end":{"line":31,"column":7}}]},"27":{"type":"branch","line":25,"loc":{"start":{"line":25,"column":26},"end":{"line":25,"column":61}},"locations":[{"start":{"line":25,"column":26},"end":{"line":25,"column":61}}]},"28":{"type":"branch","line":34,"loc":{"start":{"line":34,"column":-1},"end":{"line":36,"column":36}},"locations":[{"start":{"line":34,"column":-1},"end":{"line":36,"column":36}}]},"29":{"type":"branch","line":36,"loc":{"start":{"line":36,"column":0},"end":{"line":48,"column":7}},"locations":[{"start":{"line":36,"column":0},"end":{"line":48,"column":7}}]},"30":{"type":"branch","line":36,"loc":{"start":{"line":36,"column":38},"end":{"line":48,"column":7}},"locations":[{"start":{"line":36,"column":38},"end":{"line":48,"column":7}}]},"31":{"type":"branch","line":36,"loc":{"start":{"line":36,"column":38},"end":{"line":48,"column":7}},"locations":[{"start":{"line":36,"column":38},"end":{"line":48,"column":7}}]},"32":{"type":"branch","line":36,"loc":{"start":{"line":36,"column":38},"end":{"line":37,"column":35}},"locations":[{"start":{"line":36,"column":38},"end":{"line":37,"column":35}}]},"33":{"type":"branch","line":37,"loc":{"start":{"line":37,"column":34},"end":{"line":48,"column":7}},"locations":[{"start":{"line":37,"column":34},"end":{"line":48,"column":7}}]},"34":{"type":"branch","line":39,"loc":{"start":{"line":39,"column":10},"end":{"line":48,"column":7}},"locations":[{"start":{"line":39,"column":10},"end":{"line":48,"column":7}}]},"35":{"type":"branch","line":48,"loc":{"start":{"line":48,"column":6},"end":{"line":48,"column":7}},"locations":[{"start":{"line":48,"column":6},"end":{"line":48,"column":7}}]},"36":{"type":"branch","line":48,"loc":{"start":{"line":48,"column":6},"end":{"line":48,"column":7}},"locations":[{"start":{"line":48,"column":6},"end":{"line":48,"column":7}}]},"37":{"type":"branch","line":38,"loc":{"start":{"line":38,"column":26},"end":{"line":38,"column":61}},"locations":[{"start":{"line":38,"column":26},"end":{"line":38,"column":61}}]},"38":{"type":"branch","line":51,"loc":{"start":{"line":51,"column":-1},"end":{"line":53,"column":26}},"locations":[{"start":{"line":51,"column":-1},"end":{"line":53,"column":26}}]},"39":{"type":"branch","line":53,"loc":{"start":{"line":53,"column":0},"end":{"line":54,"column":77}},"locations":[{"start":{"line":53,"column":0},"end":{"line":54,"column":77}}]},"40":{"type":"branch","line":53,"loc":{"start":{"line":53,"column":28},"end":{"line":54,"column":77}},"locations":[{"start":{"line":53,"column":28},"end":{"line":54,"column":77}}]},"41":{"type":"branch","line":53,"loc":{"start":{"line":53,"column":28},"end":{"line":54,"column":77}},"locations":[{"start":{"line":53,"column":28},"end":{"line":54,"column":77}}]},"42":{"type":"branch","line":54,"loc":{"start":{"line":54,"column":76},"end":{"line":54,"column":77}},"locations":[{"start":{"line":54,"column":76},"end":{"line":54,"column":77}}]},"43":{"type":"branch","line":54,"loc":{"start":{"line":54,"column":76},"end":{"line":54,"column":77}},"locations":[{"start":{"line":54,"column":76},"end":{"line":54,"column":77}}]}},"b":{"0":[8],"1":[8],"2":[24],"3":[8],"4":[8],"5":[0],"6":[8],"7":[3],"8":[3],"9":[6],"10":[8],"11":[3],"12":[2],"13":[1],"14":[2],"15":[2],"16":[3],"17":[3],"18":[3],"19":[8],"20":[9],"21":[3],"22":[3],"23":[1],"24":[2],"25":[3],"26":[3],"27":[2],"28":[2],"29":[2],"30":[5],"31":[6],"32":[2],"33":[2],"34":[1],"35":[2],"36":[2],"37":[1],"38":[2],"39":[2],"40":[4],"41":[2],"42":[2],"43":[2]},"fnMap":{"0":{"name":"fetchTasks","decl":{"start":{"line":3,"column":0},"end":{"line":4,"column":29}},"loc":{"start":{"line":3,"column":0},"end":{"line":4,"column":29}},"line":3},"1":{"name":"_callee","decl":{"start":{"line":4,"column":0},"end":{"line":6,"column":25}},"loc":{"start":{"line":4,"column":0},"end":{"line":6,"column":25}},"line":4},"2":{"name":"_callee$","decl":{"start":{"line":4,"column":0},"end":{"line":6,"column":25}},"loc":{"start":{"line":4,"column":0},"end":{"line":6,"column":25}},"line":4},"3":{"name":"addTask","decl":{"start":{"line":8,"column":-1},"end":{"line":10,"column":23}},"loc":{"start":{"line":8,"column":-1},"end":{"line":10,"column":23}},"line":8},"4":{"name":"_callee2","decl":{"start":{"line":10,"column":0},"end":{"line":19,"column":5}},"loc":{"start":{"line":10,"column":0},"end":{"line":19,"column":5}},"line":10},"5":{"name":"_callee2$","decl":{"start":{"line":10,"column":34},"end":{"line":19,"column":5}},"loc":{"start":{"line":10,"column":34},"end":{"line":19,"column":5}},"line":10},"6":{"name":"updateTask","decl":{"start":{"line":21,"column":-1},"end":{"line":23,"column":26}},"loc":{"start":{"line":21,"column":-1},"end":{"line":23,"column":26}},"line":21},"7":{"name":"_callee3","decl":{"start":{"line":23,"column":0},"end":{"line":31,"column":7}},"loc":{"start":{"line":23,"column":0},"end":{"line":31,"column":7}},"line":23},"8":{"name":"_callee3$","decl":{"start":{"line":23,"column":41},"end":{"line":31,"column":7}},"loc":{"start":{"line":23,"column":41},"end":{"line":31,"column":7}},"line":23},"9":{"name":"toggleTaskCompletion","decl":{"start":{"line":34,"column":-1},"end":{"line":36,"column":36}},"loc":{"start":{"line":34,"column":-1},"end":{"line":36,"column":36}},"line":34},"10":{"name":"_callee4","decl":{"start":{"line":36,"column":0},"end":{"line":48,"column":7}},"loc":{"start":{"line":36,"column":0},"end":{"line":48,"column":7}},"line":36},"11":{"name":"_callee4$","decl":{"start":{"line":36,"column":38},"end":{"line":48,"column":7}},"loc":{"start":{"line":36,"column":38},"end":{"line":48,"column":7}},"line":36},"12":{"name":"deleteTask","decl":{"start":{"line":51,"column":-1},"end":{"line":53,"column":26}},"loc":{"start":{"line":51,"column":-1},"end":{"line":53,"column":26}},"line":51},"13":{"name":"_callee5","decl":{"start":{"line":53,"column":0},"end":{"line":54,"column":77}},"loc":{"start":{"line":53,"column":0},"end":{"line":54,"column":77}},"line":53},"14":{"name":"_callee5$","decl":{"start":{"line":53,"column":28},"end":{"line":54,"column":77}},"loc":{"start":{"line":53,"column":28},"end":{"line":54,"column":77}},"line":53}},"f":{"0":8,"1":8,"2":24,"3":3,"4":3,"5":6,"6":3,"7":3,"8":8,"9":2,"10":2,"11":5,"12":2,"13":2,"14":4}}
}
