TN:
SF:js\taskManager.js
FN:6,fetchTasks
FN:12,addTask
FN:25,updateTask
FN:38,toggleTaskCompletion
FN:55,deleteTask
FNF:5
FNH:5
FNDA:8,fetchTasks
FNDA:3,addTask
FNDA:3,updateTask
FNDA:2,toggleTaskCompletion
FNDA:2,deleteTask
DA:1,1
DA:2,1
DA:3,1
DA:4,1
DA:5,1
DA:6,8
DA:7,8
DA:8,8
DA:9,8
DA:10,1
DA:11,1
DA:12,3
DA:13,3
DA:14,1
DA:15,1
DA:16,2
DA:17,2
DA:18,2
DA:19,2
DA:20,2
DA:21,2
DA:22,2
DA:23,1
DA:24,1
DA:25,3
DA:26,3
DA:27,3
DA:28,3
DA:29,2
DA:30,2
DA:31,2
DA:32,2
DA:33,2
DA:34,2
DA:35,3
DA:36,1
DA:37,1
DA:38,2
DA:39,2
DA:40,2
DA:41,2
DA:42,1
DA:43,1
DA:44,1
DA:45,1
DA:46,1
DA:47,1
DA:48,1
DA:49,1
DA:50,1
DA:51,1
DA:52,2
DA:53,1
DA:54,1
DA:55,2
DA:56,2
DA:57,2
DA:58,1
DA:59,1
DA:60,1
LF:60
LH:60
BRDA:6,0,0,8
BRDA:12,1,0,3
BRDA:13,2,0,1
BRDA:15,3,0,2
BRDA:25,4,0,3
BRDA:28,5,0,2
BRDA:27,6,0,2
BRDA:38,7,0,2
BRDA:41,8,0,1
BRDA:40,9,0,1
BRDA:55,10,0,2
BRF:11
BRH:11
end_of_record
