TN:
SF:js\taskManager.js
FN:3,fetchTasks
FN:4,_callee
FN:4,_callee$
FN:8,addTask
FN:10,_callee2
FN:10,_callee2$
FN:21,updateTask
FN:23,_callee3
FN:23,_callee3$
FN:34,toggleTaskCompletion
FN:36,_callee4
FN:36,_callee4$
FN:51,deleteTask
FN:53,_callee5
FN:53,_callee5$
FNF:15
FNH:15
FNDA:8,fetchTasks
FNDA:8,_callee
FNDA:24,_callee$
FNDA:3,addTask
FNDA:3,_callee2
FNDA:6,_callee2$
FNDA:3,updateTask
FNDA:3,_callee3
FNDA:8,_callee3$
FNDA:2,toggleTaskCompletion
FNDA:2,_callee4
FNDA:5,_callee4$
FNDA:2,deleteTask
FNDA:2,_callee5
FNDA:4,_callee5$
DA:1,1
DA:2,1
DA:3,8
DA:4,8
DA:5,8
DA:6,8
DA:7,1
DA:8,3
DA:9,3
DA:10,3
DA:11,3
DA:12,2
DA:13,2
DA:14,2
DA:15,2
DA:16,2
DA:17,2
DA:18,2
DA:19,2
DA:20,1
DA:21,3
DA:22,3
DA:23,3
DA:24,3
DA:25,3
DA:26,3
DA:27,2
DA:28,2
DA:29,2
DA:30,2
DA:31,2
DA:32,1
DA:33,1
DA:34,2
DA:35,2
DA:36,2
DA:37,2
DA:38,2
DA:39,2
DA:40,1
DA:41,1
DA:42,1
DA:43,1
DA:44,1
DA:45,1
DA:46,1
DA:47,1
DA:48,1
DA:49,1
DA:50,1
DA:51,2
DA:52,2
DA:53,2
DA:54,2
DA:55,1
DA:56,1
DA:57,1
DA:58,1
LF:58
LH:58
BRDA:3,0,0,8
BRDA:4,1,0,8
BRDA:4,2,0,24
BRDA:4,3,0,8
BRDA:5,4,0,8
BRDA:6,5,0,0
BRDA:6,6,0,8
BRDA:8,7,0,3
BRDA:10,8,0,3
BRDA:10,9,0,6
BRDA:10,10,0,8
BRDA:10,11,0,3
BRDA:11,12,0,2
BRDA:11,13,0,1
BRDA:11,14,0,2
BRDA:19,15,0,2
BRDA:19,16,0,3
BRDA:21,17,0,3
BRDA:23,18,0,3
BRDA:23,19,0,8
BRDA:23,20,0,9
BRDA:23,21,0,3
BRDA:24,22,0,3
BRDA:26,23,0,1
BRDA:26,24,0,2
BRDA:31,25,0,3
BRDA:31,26,0,3
BRDA:25,27,0,2
BRDA:34,28,0,2
BRDA:36,29,0,2
BRDA:36,30,0,5
BRDA:36,31,0,6
BRDA:36,32,0,2
BRDA:37,33,0,2
BRDA:39,34,0,1
BRDA:48,35,0,2
BRDA:48,36,0,2
BRDA:38,37,0,1
BRDA:51,38,0,2
BRDA:53,39,0,2
BRDA:53,40,0,4
BRDA:53,41,0,2
BRDA:54,42,0,2
BRDA:54,43,0,2
BRF:44
BRH:43
end_of_record
